INFO  2016-06-08 15:01:46,235 (Saros.java:220) Starting Saros 14.10.31 running:
  Java Version: 1.8.0_92
  Java Vendor: Oracle Corporation
  Eclipse Runtime Version: 3.11.1.v20150903-1804
  Operating System: Mac OS X (10.11.5)
  Hardware Architecture: x86_64
INFO  2016-06-08 15:01:46,271 (SarosContext.java:153) creating Saros runtime context...
DEBUG 2016-06-08 15:01:46,316 (XMPPAccountStore.java:117) loading accounts from file: /Users/davidbaldauf/.saros/config.dat
DEBUG 2016-06-08 15:01:46,569 (XMPPAccountStore.java:176) loaded 1 account(s)
INFO  2016-06-08 15:01:46,770 (SarosContext.java:199) successfully created Saros runtime context
DEBUG 2016-06-08 15:01:46,800 (DataTransferManager.java:467) used transport order for the current XMPP connection: [XMPP-Socks5-Transport, XMPP-IBB-Transport]
INFO  2016-06-08 15:01:46,833 (PreferenceInitializer.java:50) initializing preference default values
DEBUG 2016-06-08 15:01:47,085 (SarosAnnotation.java:117) resetting annotation colors
DEBUG 2016-06-08 15:01:47,196 (Saros.java:264) autogenerated favorite color id is: 1
DEBUG 2016-06-08 15:01:47,203 (Saros.java:430) skipping conversion of old XMPP accounts, because there are already new ones
DEBUG 2016-06-08 15:01:55,481 (WhiteboardManager.java:194) WhiteboardManager instantiated
DEBUG 2016-06-08 15:01:55,548 (DocumentRecord.java:93) Added Node: attr(146539091551940586) name=svg
DEBUG 2016-06-08 15:01:55,686 (XMPPConnectionService.java:439) started Socks5 proxy on port: 7777 [listening on all interfaces]
DEBUG 2016-06-08 15:01:55,692 (XMPPConnectionService.java:459) using autodetected addresses: [192.168.1.6, fe80:0:0:0:f405:c0ff:fe92:9e42%awdl0, fe80:0:0:0:9ef3:87ff:feab:ede4%en0]
DEBUG 2016-06-08 15:01:55,768 (XMPPConnectionService.java:398)  new connection state == CONNECTING
DEBUG 2016-06-08 15:01:56,651 (XMPPConnectionService.java:398) olice@saros-con.imp.fu-berlin.de/Saros new connection state == CONNECTED
DEBUG 2016-06-08 15:01:56,652 (DataTransferManager.java:467) used transport order for the current XMPP connection: [XMPP-Socks5-Transport, XMPP-IBB-Transport]
DEBUG 2016-06-08 15:01:56,655 (SkypeManager.java:289) Refreshing Skype username cache...
WARN  2016-06-08 15:02:06,181 (StunServiceImpl.java:420) received no response from STUN server stunserver.org/69.172.201.153:3478 at local address /192.168.1.6:0
DEBUG 2016-06-08 15:02:19,543 (XMPPConnectionService.java:398) olice@saros-con.imp.fu-berlin.de/Saros new connection state == DISCONNECTING
DEBUG 2016-06-08 15:02:19,702 (XMPPConnectionService.java:398)  new connection state == NOT_CONNECTED
DEBUG 2016-06-08 15:02:19,703 (UPnPServiceImpl.java:295) deleting existing port mappings
